  Source.cpp
C:\Users\hp\source\repos\Project2\Project2\Source.cpp(11,13): warning C4566: character represented by universal-character-name '\u0131' cannot be represented in the current code page (1252)
C:\Users\hp\source\repos\Project2\Project2\Source.cpp(13,13): warning C4566: character represented by universal-character-name '\u0130' cannot be represented in the current code page (1252)
C:\Users\hp\source\repos\Project2\Project2\Source.cpp(22,17): warning C4566: character represented by universal-character-name '\u0259' cannot be represented in the current code page (1252)
C:\Users\hp\source\repos\Project2\Project2\Source.cpp(26,17): warning C4566: character represented by universal-character-name '\u0131' cannot be represented in the current code page (1252)
C:\Users\hp\source\repos\Project2\Project2\Source.cpp(26,17): warning C4566: character represented by universal-character-name '\u0259' cannot be represented in the current code page (1252)
C:\Users\hp\source\repos\Project2\Project2\Source.cpp(30,17): warning C4566: character represented by universal-character-name '\u0259' cannot be represented in the current code page (1252)
C:\Users\hp\source\repos\Project2\Project2\Source.cpp(56,34): warning C4566: character represented by universal-character-name '\u0259' cannot be represented in the current code page (1252)
C:\Users\hp\source\repos\Project2\Project2\Source.cpp(56,51): warning C4566: character represented by universal-character-name '\u0259' cannot be represented in the current code page (1252)
C:\Users\hp\source\repos\Project2\Project2\Source.cpp(56,51): warning C4566: character represented by universal-character-name '\u015F' cannot be represented in the current code page (1252)
C:\Users\hp\source\repos\Project2\Project2\Source.cpp(56,51): warning C4566: character represented by universal-character-name '\u0131' cannot be represented in the current code page (1252)
C:\Users\hp\source\repos\Project2\Project2\Source.cpp(56,77): warning C4566: character represented by universal-character-name '\u0259' cannot be represented in the current code page (1252)
C:\Users\hp\source\repos\Project2\Project2\Source.cpp(56,77): warning C4566: character represented by universal-character-name '\u015F' cannot be represented in the current code page (1252)
C:\Users\hp\source\repos\Project2\Project2\Source.cpp(56,94): warning C4566: character represented by universal-character-name '\u0259' cannot be represented in the current code page (1252)
C:\Users\hp\source\repos\Project2\Project2\Source.cpp(56,94): warning C4566: character represented by universal-character-name '\u015F' cannot be represented in the current code page (1252)
C:\Users\hp\source\repos\Project2\Project2\Source.cpp(56,118): warning C4566: character represented by universal-character-name '\u0259' cannot be represented in the current code page (1252)
C:\Users\hp\source\repos\Project2\Project2\Source.cpp(56,118): warning C4566: character represented by universal-character-name '\u015F' cannot be represented in the current code page (1252)
C:\Users\hp\source\repos\Project2\Project2\Source.cpp(56,118): warning C4566: character represented by universal-character-name '\u0131' cannot be represented in the current code page (1252)
C:\Users\hp\source\repos\Project2\Project2\Source.cpp(56,137): warning C4566: character represented by universal-character-name '\u0259' cannot be represented in the current code page (1252)
C:\Users\hp\source\repos\Project2\Project2\Source.cpp(56,147): warning C4566: character represented by universal-character-name '\u015E' cannot be represented in the current code page (1252)
C:\Users\hp\source\repos\Project2\Project2\Source.cpp(56,147): warning C4566: character represented by universal-character-name '\u0259' cannot be represented in the current code page (1252)
C:\Users\hp\source\repos\Project2\Project2\Source.cpp(59,13): warning C4566: character represented by universal-character-name '\u0259' cannot be represented in the current code page (1252)
  Project2.vcxproj -> C:\Users\hp\source\repos\Project2\x64\Debug\Project2.exe
